[debug] [2022-07-14T00:40:53.452Z] ----------------------------------------------------------------------
[debug] [2022-07-14T00:40:53.455Z] Command:       C:\Program Files\nodejs\node.exe C:\Users\Eli\AppData\Roaming\npm\node_modules\firebase-tools\lib\bin\firebase.js init
[debug] [2022-07-14T00:40:53.457Z] CLI Version:   11.1.0
[debug] [2022-07-14T00:40:53.457Z] Platform:      win32
[debug] [2022-07-14T00:40:53.458Z] Node Version:  v16.15.1
[debug] [2022-07-14T00:40:53.460Z] Time:          Thu Jul 14 2022 03:40:53 GMT+0300 (Източноевропейско лятно часово време)
[debug] [2022-07-14T00:40:53.460Z] ----------------------------------------------------------------------
[debug] 
[debug] [2022-07-14T00:40:53.608Z] > command requires scopes: ["email","openid","https://www.googleapis.com/auth/cloudplatformprojects.readonly","https://www.googleapis.com/auth/firebase","https://www.googleapis.com/auth/cloud-platform"]
[debug] [2022-07-14T00:40:53.609Z] > authorizing via signed-in user (nnajibenjamin33@gmail.com)
[info] 
     ######## #### ########  ######## ########     ###     ######  ########
     ##        ##  ##     ## ##       ##     ##  ##   ##  ##       ##
     ######    ##  ########  ######   ########  #########  ######  ######
     ##        ##  ##    ##  ##       ##     ## ##     ##       ## ##
     ##       #### ##     ## ######## ########  ##     ##  ######  ########

You're about to initialize a Firebase project in this directory:

  C:\Users\Eli\Documents\E-commerceReactapp\reactecommerce

Before we get started, keep in mind:

  * You are initializing within an existing Firebase project directory

[info] 
=== Project Setup
[info] 
[info] First, let's associate this project directory with a Firebase project.
[info] You can create multiple project aliases by running firebase use --add, 
[info] but for now we'll just set up a default project.
[info] 
[debug] [2022-07-14T00:41:36.580Z] Using project from CLI flag: oyiboonlinemarket
[debug] [2022-07-14T00:41:36.588Z] > refreshing access token with scopes: []
[debug] [2022-07-14T00:41:36.600Z] >>> [apiv2][query] POST https://www.googleapis.com/oauth2/v3/token [none]
[debug] [2022-07-14T00:41:36.605Z] >>> [apiv2][body] POST https://www.googleapis.com/oauth2/v3/token [omitted]
[debug] [2022-07-14T00:41:36.931Z] <<< [apiv2][status] POST https://www.googleapis.com/oauth2/v3/token 200
[debug] [2022-07-14T00:41:36.931Z] <<< [apiv2][body] POST https://www.googleapis.com/oauth2/v3/token [omitted]
[debug] [2022-07-14T00:41:36.972Z] >>> [apiv2][query] GET https://firebase.googleapis.com/v1beta1/projects/oyiboonlinemarket [none]
[debug] [2022-07-14T00:41:37.290Z] <<< [apiv2][status] GET https://firebase.googleapis.com/v1beta1/projects/oyiboonlinemarket 200
[debug] [2022-07-14T00:41:37.291Z] <<< [apiv2][body] GET https://firebase.googleapis.com/v1beta1/projects/oyiboonlinemarket {"projectId":"oyiboonlinemarket","projectNumber":"1066111715055","displayName":"oyiboOnlineMarket","name":"projects/oyiboonlinemarket","resources":{"hostingSite":"oyiboonlinemarket","realtimeDatabaseInstance":"oyiboonlinemarket-default-rtdb","storageBucket":"oyiboonlinemarket.appspot.com","locationId":"europe-west"},"state":"ACTIVE"}
[info] i  Using project oyiboonlinemarket (oyiboOnlineMarket) 
[info] 
=== Hosting Setup
[info] 
[info] Your public directory is the folder (relative to your project directory) that
[info] will contain Hosting assets to be uploaded with firebase deploy. If you
[info] have a build process for your assets, use your build's output directory.
[info] 
[debug] [2022-07-14T00:42:01.999Z] >>> [apiv2][query] GET https://www.gstatic.com/firebasejs/releases.json [none]
[debug] [2022-07-14T00:42:02.119Z] <<< [apiv2][status] GET https://www.gstatic.com/firebasejs/releases.json 200
[debug] [2022-07-14T00:42:02.120Z] <<< [apiv2][body] GET https://www.gstatic.com/firebasejs/releases.json {"current":{"version":"9.9.0","browserURL":"https://www.gstatic.com/firebasejs/9.9.0/firebase.js","packageURL":"https://www.gstatic.com/firebasejs/9.9.0/firebase.tgz"},"live":{"version":"9.9","browserURL":"https://www.gstatic.com/firebasejs/live/9.9/firebase.js","packageURL":"https://www.gstatic.com/firebasejs/live/9.9/firebase.tgz"},"components":{"analytics":"https://www.gstatic.com/firebasejs/9.9.0/firebase-analytics.js","app":"https://www.gstatic.com/firebasejs/9.9.0/firebase-app.js","app-check":"https://www.gstatic.com/firebasejs/9.9.0/firebase-app-check.js","auth":"https://www.gstatic.com/firebasejs/9.9.0/firebase-auth.js","auth/cordova":"https://www.gstatic.com/firebasejs/9.9.0/firebase-auth/cordova.js","auth/react-native":"https://www.gstatic.com/firebasejs/9.9.0/firebase-auth/react-native.js","functions":"https://www.gstatic.com/firebasejs/9.9.0/firebase-functions.js","firestore":"https://www.gstatic.com/firebasejs/9.9.0/firebase-firestore.js","firestore/lite":"https://www.gstatic.com/firebasejs/9.9.0/firebase-firestore/lite.js","installations":"https://www.gstatic.com/firebasejs/9.9.0/firebase-installations.js","storage":"https://www.gstatic.com/firebasejs/9.9.0/firebase-storage.js","performance":"https://www.gstatic.com/firebasejs/9.9.0/firebase-performance.js","remote-config":"https://www.gstatic.com/firebasejs/9.9.0/firebase-remote-config.js","messaging":"https://www.gstatic.com/firebasejs/9.9.0/firebase-messaging.js","messaging/sw":"https://www.gstatic.com/firebasejs/9.9.0/firebase-messaging/sw.js","database":"https://www.gstatic.com/firebasejs/9.9.0/firebase-database.js","firestore.memory":"https://www.gstatic.com/firebasejs/9.9.0/firebase-firestore.memory.js"}}
[info] +  Wrote build/index.html 
[info] 
[info] i  Detected a .git folder at C:\Users\Eli\Documents\E-commerceReactapp\reactecommerce 
[info] i  Authorizing with GitHub to upload your service account to a GitHub repository's secrets store. 
[info] 
[info] Visit this URL on this device to log in:
[info] https://github.com/login/oauth/authorize?client_id=89cf50f02ac6aaed3484&state=785369516&redirect_uri=http%3A%2F%2Flocalhost%3A9005&scope=read%3Auser%20repo%20public_repo
[info] 
[info] Waiting for authentication...
